<?xml version="1.0" encoding="UTF-8"?>
<!-- Generated by org.testng.reporters.JUnitReportReporter -->
<testsuite hostname="Chandra" failures="0" tests="1" name="com.testautomation.tests.SampleTest" time="0.010" errors="0" timestamp="2025-01-31T08:47:46 CST" skipped="0">
  <testcase classname="com.testautomation.tests.SampleTest" name="testMethod" time="0.010"/>
</testsuite> <!-- com.testautomation.tests.SampleTest -->
