<?xml version="1.0" encoding="UTF-8"?>
<!-- Generated by org.testng.reporters.JUnitReportReporter -->
<testsuite hostname="Chandra" failures="0" tests="1" name="myPackage.tests.AmazonTest" time="13.186" errors="0" timestamp="2025-01-31T09:08:37 CST" skipped="0">
  <testcase classname="myPackage.tests.AmazonTest" name="testLoginPage" time="13.186"/>
</testsuite> <!-- myPackage.tests.AmazonTest -->
