<?xml version="1.0" encoding="UTF-8"?>
<!-- Generated by org.testng.reporters.JUnitReportReporter -->
<testsuite hostname="Chandra" failures="0" tests="1" name="testPackage.SampleTest" time="0.007" errors="0" timestamp="2025-02-01T04:30:00 CST" skipped="0">
  <testcase classname="testPackage.SampleTest" name="testMethod" time="0.007"/>
</testsuite> <!-- testPackage.SampleTest -->
